INFO:NewUsedItemExperiment:
Starting experiment

INFO:NewUsedItemExperiment:
Saving results to /Users/juanignaciofarias/Documents/mercado_libre_tech_interview/detect_item_new_or_old/reports/train/20201027_191732
INFO:NewUsedItemExperiment:
Training model on fold 0...

INFO:root:Fold = 0, AUC = 0.9087279464647323
INFO:NewUsedItemExperiment:
Training model on fold 1...

INFO:root:Fold = 1, AUC = 0.9092972559283852
INFO:NewUsedItemExperiment:
Training model on fold 2...

INFO:root:Fold = 2, AUC = 0.9156026464962966
INFO:NewUsedItemExperiment:
Training model on fold 3...

INFO:root:Fold = 3, AUC = 0.9076879816749907
INFO:NewUsedItemExperiment:
Training model on fold 4...

INFO:root:Fold = 4, AUC = 0.9159236010921751
INFO:NewUsedItemExperiment:
Experiment finished!
